2025-11-15 20:41:40 [main] INFO  r.r.y.u.UserServiceApplication - Starting UserServiceApplication using Java 17.0.11 with PID 17040 (O:\Projects\Java\Inventory-Manager\user-service\target\classes started by 21HD in O:\Projects\Java\Inventory-Manager\user-service)
2025-11-15 20:41:40 [main] DEBUG r.r.y.u.UserServiceApplication - Running with Spring Boot v3.5.0, Spring v6.2.7
2025-11-15 20:41:40 [main] INFO  r.r.y.u.UserServiceApplication - The following 1 profile is active: "dev"
2025-11-15 20:41:40 [main] INFO  o.s.c.c.c.ConfigServerConfigDataLoader - Fetching config from server at : http://localhost:8888
2025-11-15 20:41:40 [main] INFO  o.s.c.c.c.ConfigServerConfigDataLoader - Located environment: name=user-service, profiles=[default], label=null, version=76650a822f01044d5af5729fc2414b7094afb23b, state=
2025-11-15 20:41:40 [main] INFO  o.s.c.c.c.ConfigServerConfigDataLoader - Fetching config from server at : http://localhost:8888
2025-11-15 20:41:40 [main] INFO  o.s.c.c.c.ConfigServerConfigDataLoader - Located environment: name=user-service, profiles=[dev], label=null, version=76650a822f01044d5af5729fc2414b7094afb23b, state=
2025-11-15 20:41:42 [main] INFO  o.s.d.r.c.RepositoryConfigurationDelegate - Multiple Spring Data modules found, entering strict repository configuration mode
2025-11-15 20:41:42 [main] INFO  o.s.d.r.c.RepositoryConfigurationDelegate - Bootstrapping Spring Data JPA repositories in DEFAULT mode.
2025-11-15 20:41:43 [main] INFO  o.s.d.r.c.RepositoryConfigurationDelegate - Finished Spring Data repository scanning in 168 ms. Found 3 JPA repository interfaces.
2025-11-15 20:41:43 [main] INFO  o.s.d.r.c.RepositoryConfigurationDelegate - Multiple Spring Data modules found, entering strict repository configuration mode
2025-11-15 20:41:43 [main] INFO  o.s.d.r.c.RepositoryConfigurationDelegate - Bootstrapping Spring Data Redis repositories in DEFAULT mode.
2025-11-15 20:41:43 [main] INFO  o.s.d.r.c.RepositoryConfigurationExtensionSupport - Spring Data Redis - Could not safely identify store assignment for repository candidate interface rca.restapi.year2.userservice.repository.AddressRepository; If you want this repository to be a Redis repository, consider annotating your entities with one of these annotations: org.springframework.data.redis.core.RedisHash (preferred), or consider extending one of the following types with your repository: org.springframework.data.keyvalue.repository.KeyValueRepository
2025-11-15 20:41:43 [main] INFO  o.s.d.r.c.RepositoryConfigurationExtensionSupport - Spring Data Redis - Could not safely identify store assignment for repository candidate interface rca.restapi.year2.userservice.repository.RefreshTokenRepository; If you want this repository to be a Redis repository, consider annotating your entities with one of these annotations: org.springframework.data.redis.core.RedisHash (preferred), or consider extending one of the following types with your repository: org.springframework.data.keyvalue.repository.KeyValueRepository
2025-11-15 20:41:43 [main] INFO  o.s.d.r.c.RepositoryConfigurationExtensionSupport - Spring Data Redis - Could not safely identify store assignment for repository candidate interface rca.restapi.year2.userservice.repository.UserRepository; If you want this repository to be a Redis repository, consider annotating your entities with one of these annotations: org.springframework.data.redis.core.RedisHash (preferred), or consider extending one of the following types with your repository: org.springframework.data.keyvalue.repository.KeyValueRepository
2025-11-15 20:41:43 [main] INFO  o.s.d.r.c.RepositoryConfigurationDelegate - Finished Spring Data repository scanning in 8 ms. Found 0 Redis repository interfaces.
2025-11-15 20:41:43 [main] INFO  o.s.cloud.context.scope.GenericScope - BeanFactory id=d49ea41c-a05b-35ff-b94b-16360f5490ff
2025-11-15 20:41:46 [main] INFO  o.s.b.w.e.tomcat.TomcatWebServer - Tomcat initialized with port 8082 (http)
2025-11-15 20:41:46 [main] INFO  o.a.catalina.core.StandardService - Starting service [Tomcat]
2025-11-15 20:41:46 [main] INFO  o.a.catalina.core.StandardEngine - Starting Servlet engine: [Apache Tomcat/10.1.41]
2025-11-15 20:41:46 [main] INFO  o.a.c.c.C.[Tomcat].[localhost].[/] - Initializing Spring embedded WebApplicationContext
2025-11-15 20:41:46 [main] INFO  o.s.b.w.s.c.ServletWebServerApplicationContext - Root WebApplicationContext: initialization completed in 5901 ms
2025-11-15 20:41:47 [main] INFO  com.zaxxer.hikari.HikariDataSource - HikariPool-1 - Starting...
2025-11-15 20:41:48 [main] INFO  com.zaxxer.hikari.pool.HikariPool - HikariPool-1 - Added connection org.postgresql.jdbc.PgConnection@51aa2a58
2025-11-15 20:41:48 [main] INFO  com.zaxxer.hikari.HikariDataSource - HikariPool-1 - Start completed.
2025-11-15 20:41:48 [main] INFO  org.flywaydb.core.FlywayExecutor - Database: jdbc:postgresql://localhost:5432/userdb (PostgreSQL 17.0)
2025-11-15 20:41:48 [main] INFO  o.f.core.internal.command.DbValidate - Successfully validated 1 migration (execution time 00:00.096s)
2025-11-15 20:41:48 [main] INFO  o.f.core.internal.command.DbMigrate - Current version of schema "public": 1
2025-11-15 20:41:48 [main] ERROR o.f.core.internal.command.DbMigrate - Schema "public" has version 1, but no migration could be resolved in the configured locations !
2025-11-15 20:41:48 [main] INFO  o.f.core.internal.command.DbMigrate - Schema "public" is up to date. No migration necessary.
2025-11-15 20:41:48 [main] INFO  o.h.jpa.internal.util.LogHelper - HHH000204: Processing PersistenceUnitInfo [name: default]
2025-11-15 20:41:49 [main] INFO  org.hibernate.Version - HHH000412: Hibernate ORM core version 6.6.15.Final
2025-11-15 20:41:49 [main] INFO  o.h.c.i.RegionFactoryInitiator - HHH000026: Second-level cache disabled
2025-11-15 20:41:50 [main] INFO  o.s.o.j.p.SpringPersistenceUnitInfo - No LoadTimeWeaver setup: ignoring JPA class transformer
2025-11-15 20:41:50 [main] INFO  o.hibernate.orm.connections.pooling - HHH10001005: Database info:
	Database JDBC URL [Connecting through datasource 'HikariDataSource (HikariPool-1)']
	Database driver: undefined/unknown
	Database version: 17.0
	Autocommit mode: undefined/unknown
	Isolation level: undefined/unknown
	Minimum pool size: undefined/unknown
	Maximum pool size: undefined/unknown
2025-11-15 20:41:51 [main] INFO  o.h.e.t.j.p.i.JtaPlatformInitiator - HHH000489: No JTA platform available (set 'hibernate.transaction.jta.platform' to enable JTA platform integration)
2025-11-15 20:41:52 [main] INFO  o.s.o.j.LocalContainerEntityManagerFactoryBean - Initialized JPA EntityManagerFactory for persistence unit 'default'
2025-11-15 20:41:52 [main] INFO  o.s.d.j.r.query.QueryEnhancerFactory - Hibernate is in classpath; If applicable, HQL parser will be used.
2025-11-15 20:41:53 [main] DEBUG r.r.y.u.s.JwtAuthenticationFilter - Filter 'jwtAuthenticationFilter' configured for use
2025-11-15 20:41:53 [main] INFO  o.s.s.c.a.a.c.InitializeAuthenticationProviderBeanManagerConfigurer$InitializeAuthenticationProviderManagerConfigurer - Global AuthenticationManager configured with AuthenticationProvider bean with name authenticationProvider
2025-11-15 20:41:53 [main] WARN  o.s.s.c.a.a.c.InitializeUserDetailsBeanManagerConfigurer$InitializeUserDetailsManagerConfigurer - Global AuthenticationManager configured with an AuthenticationProvider bean. UserDetailsService beans will not be used by Spring Security for automatically configuring username/password login. Consider removing the AuthenticationProvider bean. Alternatively, consider using the UserDetailsService in a manually instantiated DaoAuthenticationProvider. If the current configuration is intentional, to turn off this warning, increase the logging level of 'org.springframework.security.config.annotation.authentication.configuration.InitializeUserDetailsBeanManagerConfigurer' to ERROR
2025-11-15 20:41:53 [main] WARN  o.s.b.a.o.j.JpaBaseConfiguration$JpaWebConfiguration - spring.jpa.open-in-view is enabled by default. Therefore, database queries may be performed during view rendering. Explicitly configure spring.jpa.open-in-view to disable this warning
2025-11-15 20:41:54 [main] INFO  o.s.b.a.e.web.EndpointLinksResolver - Exposing 3 endpoints beneath base path '/actuator'
2025-11-15 20:41:54 [main] DEBUG o.s.s.web.DefaultSecurityFilterChain - Will secure any request with filters: DisableEncodeUrlFilter, WebAsyncManagerIntegrationFilter, SecurityContextHolderFilter, HeaderWriterFilter, LogoutFilter, JwtAuthenticationFilter, RequestCacheAwareFilter, SecurityContextHolderAwareRequestFilter, AnonymousAuthenticationFilter, SessionManagementFilter, ExceptionTranslationFilter, AuthorizationFilter
2025-11-15 20:41:55 [main] INFO  o.s.c.n.e.c.DiscoveryClientOptionalArgsConfiguration - Eureka HTTP Client uses RestTemplate.
2025-11-15 20:41:55 [main] WARN  o.s.c.l.c.LoadBalancerCacheAutoConfiguration$LoadBalancerCaffeineWarnLogger - Spring Cloud LoadBalancer is currently working with the default cache. While this cache implementation is useful for development and tests, it's recommended to use Caffeine cache in production.You can switch to using Caffeine cache, by adding it and org.springframework.cache.caffeine.CaffeineCacheManager to the classpath.
2025-11-15 20:41:55 [main] INFO  o.s.c.n.eureka.InstanceInfoFactory - Setting initial instance status as: STARTING
2025-11-15 20:41:55 [main] INFO  c.netflix.discovery.DiscoveryClient - Initializing Eureka in region us-east-1
2025-11-15 20:41:55 [main] INFO  c.n.d.s.r.aws.ConfigClusterResolver - Resolving eureka endpoints via configuration
2025-11-15 20:41:55 [main] INFO  c.netflix.discovery.DiscoveryClient - Disable delta property : false
2025-11-15 20:41:55 [main] INFO  c.netflix.discovery.DiscoveryClient - Single vip registry refresh property : null
2025-11-15 20:41:55 [main] INFO  c.netflix.discovery.DiscoveryClient - Force full registry fetch : false
2025-11-15 20:41:55 [main] INFO  c.netflix.discovery.DiscoveryClient - Application is null : false
2025-11-15 20:41:55 [main] INFO  c.netflix.discovery.DiscoveryClient - Registered Applications size is zero : true
2025-11-15 20:41:55 [main] INFO  c.netflix.discovery.DiscoveryClient - Application version is -1: true
2025-11-15 20:41:55 [main] INFO  c.netflix.discovery.DiscoveryClient - Getting all instance registry info from the eureka server
2025-11-15 20:41:55 [main] INFO  c.netflix.discovery.DiscoveryClient - The response status is 200
2025-11-15 20:41:55 [main] INFO  c.netflix.discovery.DiscoveryClient - Starting heartbeat executor: renew interval is: 30
2025-11-15 20:41:55 [main] INFO  c.n.discovery.InstanceInfoReplicator - InstanceInfoReplicator onDemand update allowed rate per min is 4
2025-11-15 20:41:55 [main] INFO  c.netflix.discovery.DiscoveryClient - Discovery Client initialized at timestamp 1763232115707 with initial instances count: 2
2025-11-15 20:41:55 [main] INFO  o.s.c.n.e.s.EurekaServiceRegistry - Registering application USER-SERVICE with eureka with status UP
2025-11-15 20:41:55 [main] INFO  c.netflix.discovery.DiscoveryClient - Saw local status change event StatusChangeEvent [timestamp=1763232115711, current=UP, previous=STARTING]
2025-11-15 20:41:55 [DiscoveryClient-InstanceInfoReplicator-%d] INFO  c.netflix.discovery.DiscoveryClient - DiscoveryClient_USER-SERVICE/10.12.73.137:user-service:8082: registering service...
2025-11-15 20:41:55 [main] INFO  o.s.b.w.e.tomcat.TomcatWebServer - Tomcat started on port 8082 (http) with context path '/'
2025-11-15 20:41:55 [main] INFO  o.s.c.n.e.s.EurekaAutoServiceRegistration - Updating port to 8082
2025-11-15 20:41:55 [DiscoveryClient-InstanceInfoReplicator-%d] INFO  c.netflix.discovery.DiscoveryClient - DiscoveryClient_USER-SERVICE/10.12.73.137:user-service:8082 - registration status: 204
2025-11-15 20:41:55 [main] INFO  r.r.y.u.UserServiceApplication - Started UserServiceApplication in 24.538 seconds (process running for 26.9)
2025-11-15 20:41:57 [RMI TCP Connection(2)-10.12.73.137] INFO  o.a.c.c.C.[Tomcat].[localhost].[/] - Initializing Spring DispatcherServlet 'dispatcherServlet'
2025-11-15 20:41:57 [RMI TCP Connection(2)-10.12.73.137] INFO  o.s.web.servlet.DispatcherServlet - Initializing Servlet 'dispatcherServlet'
2025-11-15 20:41:57 [RMI TCP Connection(2)-10.12.73.137] INFO  o.s.web.servlet.DispatcherServlet - Completed initialization in 5 ms
2025-11-15 20:43:05 [http-nio-8082-exec-3] DEBUG o.s.security.web.FilterChainProxy - Securing POST /auth/register
2025-11-15 20:43:05 [http-nio-8082-exec-3] DEBUG o.s.s.w.a.AnonymousAuthenticationFilter - Set SecurityContextHolder to anonymous SecurityContext
2025-11-15 20:43:05 [http-nio-8082-exec-3] DEBUG o.s.s.w.a.Http403ForbiddenEntryPoint - Pre-authenticated entry point called. Rejecting access
2025-11-15 20:43:05 [http-nio-8082-exec-3] DEBUG o.s.security.web.FilterChainProxy - Securing POST /error
2025-11-15 20:43:06 [http-nio-8082-exec-3] DEBUG o.s.s.w.a.AnonymousAuthenticationFilter - Set SecurityContextHolder to anonymous SecurityContext
2025-11-15 20:43:06 [http-nio-8082-exec-3] DEBUG o.s.s.w.a.Http403ForbiddenEntryPoint - Pre-authenticated entry point called. Rejecting access
2025-11-15 20:46:55 [AsyncResolver-bootstrap-executor-%d] INFO  c.n.d.s.r.aws.ConfigClusterResolver - Resolving eureka endpoints via configuration
2025-11-15 20:51:55 [AsyncResolver-bootstrap-executor-%d] INFO  c.n.d.s.r.aws.ConfigClusterResolver - Resolving eureka endpoints via configuration
2025-11-15 20:56:55 [AsyncResolver-bootstrap-executor-%d] INFO  c.n.d.s.r.aws.ConfigClusterResolver - Resolving eureka endpoints via configuration
2025-11-15 21:01:55 [AsyncResolver-bootstrap-executor-%d] INFO  c.n.d.s.r.aws.ConfigClusterResolver - Resolving eureka endpoints via configuration
2025-11-15 21:06:55 [AsyncResolver-bootstrap-executor-%d] INFO  c.n.d.s.r.aws.ConfigClusterResolver - Resolving eureka endpoints via configuration
2025-11-15 21:10:13 [http-nio-8082-exec-7] DEBUG o.s.security.web.FilterChainProxy - Securing POST /auth/register
2025-11-15 21:10:13 [http-nio-8082-exec-7] DEBUG o.s.s.w.a.AnonymousAuthenticationFilter - Set SecurityContextHolder to anonymous SecurityContext
2025-11-15 21:10:13 [http-nio-8082-exec-7] DEBUG o.s.s.w.a.Http403ForbiddenEntryPoint - Pre-authenticated entry point called. Rejecting access
2025-11-15 21:10:13 [http-nio-8082-exec-7] DEBUG o.s.security.web.FilterChainProxy - Securing POST /error
2025-11-15 21:10:13 [http-nio-8082-exec-7] DEBUG o.s.s.w.a.AnonymousAuthenticationFilter - Set SecurityContextHolder to anonymous SecurityContext
2025-11-15 21:10:13 [http-nio-8082-exec-7] DEBUG o.s.s.w.a.Http403ForbiddenEntryPoint - Pre-authenticated entry point called. Rejecting access
2025-11-15 21:11:55 [AsyncResolver-bootstrap-executor-%d] INFO  c.n.d.s.r.aws.ConfigClusterResolver - Resolving eureka endpoints via configuration
2025-11-15 21:16:55 [AsyncResolver-bootstrap-executor-%d] INFO  c.n.d.s.r.aws.ConfigClusterResolver - Resolving eureka endpoints via configuration
2025-11-15 21:18:01 [http-nio-8082-exec-1] DEBUG o.s.security.web.FilterChainProxy - Securing POST /auth/register
2025-11-15 21:18:01 [http-nio-8082-exec-1] DEBUG o.s.s.w.a.AnonymousAuthenticationFilter - Set SecurityContextHolder to anonymous SecurityContext
2025-11-15 21:18:01 [http-nio-8082-exec-1] DEBUG o.s.s.w.a.Http403ForbiddenEntryPoint - Pre-authenticated entry point called. Rejecting access
2025-11-15 21:18:01 [http-nio-8082-exec-1] DEBUG o.s.security.web.FilterChainProxy - Securing POST /error
2025-11-15 21:18:01 [http-nio-8082-exec-1] DEBUG o.s.s.w.a.AnonymousAuthenticationFilter - Set SecurityContextHolder to anonymous SecurityContext
2025-11-15 21:18:01 [http-nio-8082-exec-1] DEBUG o.s.s.w.a.Http403ForbiddenEntryPoint - Pre-authenticated entry point called. Rejecting access
2025-11-15 21:18:53 [http-nio-8082-exec-6] DEBUG o.s.security.web.FilterChainProxy - Securing POST /auth/register
2025-11-15 21:18:53 [http-nio-8082-exec-6] DEBUG o.s.s.w.a.AnonymousAuthenticationFilter - Set SecurityContextHolder to anonymous SecurityContext
2025-11-15 21:18:53 [http-nio-8082-exec-6] DEBUG o.s.s.w.a.Http403ForbiddenEntryPoint - Pre-authenticated entry point called. Rejecting access
2025-11-15 21:18:53 [http-nio-8082-exec-6] DEBUG o.s.security.web.FilterChainProxy - Securing POST /error
2025-11-15 21:18:53 [http-nio-8082-exec-6] DEBUG o.s.s.w.a.AnonymousAuthenticationFilter - Set SecurityContextHolder to anonymous SecurityContext
2025-11-15 21:18:53 [http-nio-8082-exec-6] DEBUG o.s.s.w.a.Http403ForbiddenEntryPoint - Pre-authenticated entry point called. Rejecting access
2025-11-15 21:18:59 [http-nio-8082-exec-2] DEBUG o.s.security.web.FilterChainProxy - Securing POST /auth/register
2025-11-15 21:18:59 [http-nio-8082-exec-2] DEBUG o.s.s.w.a.AnonymousAuthenticationFilter - Set SecurityContextHolder to anonymous SecurityContext
2025-11-15 21:18:59 [http-nio-8082-exec-2] DEBUG o.s.s.w.a.Http403ForbiddenEntryPoint - Pre-authenticated entry point called. Rejecting access
2025-11-15 21:18:59 [http-nio-8082-exec-2] DEBUG o.s.security.web.FilterChainProxy - Securing POST /error
2025-11-15 21:18:59 [http-nio-8082-exec-2] DEBUG o.s.s.w.a.AnonymousAuthenticationFilter - Set SecurityContextHolder to anonymous SecurityContext
2025-11-15 21:18:59 [http-nio-8082-exec-2] DEBUG o.s.s.w.a.Http403ForbiddenEntryPoint - Pre-authenticated entry point called. Rejecting access
2025-11-15 21:19:01 [http-nio-8082-exec-8] DEBUG o.s.security.web.FilterChainProxy - Securing POST /auth/register
2025-11-15 21:19:01 [http-nio-8082-exec-8] DEBUG o.s.s.w.a.AnonymousAuthenticationFilter - Set SecurityContextHolder to anonymous SecurityContext
2025-11-15 21:19:01 [http-nio-8082-exec-8] DEBUG o.s.s.w.a.Http403ForbiddenEntryPoint - Pre-authenticated entry point called. Rejecting access
2025-11-15 21:19:01 [http-nio-8082-exec-8] DEBUG o.s.security.web.FilterChainProxy - Securing POST /error
2025-11-15 21:19:01 [http-nio-8082-exec-8] DEBUG o.s.s.w.a.AnonymousAuthenticationFilter - Set SecurityContextHolder to anonymous SecurityContext
2025-11-15 21:19:01 [http-nio-8082-exec-8] DEBUG o.s.s.w.a.Http403ForbiddenEntryPoint - Pre-authenticated entry point called. Rejecting access
2025-11-15 21:19:27 [http-nio-8082-exec-9] DEBUG o.s.security.web.FilterChainProxy - Securing POST /auth/register
2025-11-15 21:19:27 [http-nio-8082-exec-9] DEBUG o.s.s.w.a.AnonymousAuthenticationFilter - Set SecurityContextHolder to anonymous SecurityContext
2025-11-15 21:19:27 [http-nio-8082-exec-9] DEBUG o.s.s.w.a.Http403ForbiddenEntryPoint - Pre-authenticated entry point called. Rejecting access
2025-11-15 21:19:27 [http-nio-8082-exec-9] DEBUG o.s.security.web.FilterChainProxy - Securing POST /error
2025-11-15 21:19:27 [http-nio-8082-exec-9] DEBUG o.s.s.w.a.AnonymousAuthenticationFilter - Set SecurityContextHolder to anonymous SecurityContext
2025-11-15 21:19:27 [http-nio-8082-exec-9] DEBUG o.s.s.w.a.Http403ForbiddenEntryPoint - Pre-authenticated entry point called. Rejecting access
2025-11-15 21:21:55 [AsyncResolver-bootstrap-executor-%d] INFO  c.n.d.s.r.aws.ConfigClusterResolver - Resolving eureka endpoints via configuration
2025-11-15 21:25:00 [http-nio-8082-exec-3] DEBUG o.s.security.web.FilterChainProxy - Securing POST /auth/register
2025-11-15 21:25:00 [http-nio-8082-exec-3] DEBUG o.s.s.w.a.AnonymousAuthenticationFilter - Set SecurityContextHolder to anonymous SecurityContext
2025-11-15 21:25:00 [http-nio-8082-exec-3] DEBUG o.s.s.w.a.Http403ForbiddenEntryPoint - Pre-authenticated entry point called. Rejecting access
2025-11-15 21:25:00 [http-nio-8082-exec-3] DEBUG o.s.security.web.FilterChainProxy - Securing POST /error
2025-11-15 21:25:00 [http-nio-8082-exec-3] DEBUG o.s.s.w.a.AnonymousAuthenticationFilter - Set SecurityContextHolder to anonymous SecurityContext
2025-11-15 21:25:00 [http-nio-8082-exec-3] DEBUG o.s.s.w.a.Http403ForbiddenEntryPoint - Pre-authenticated entry point called. Rejecting access
2025-11-15 21:25:21 [http-nio-8082-exec-5] DEBUG o.s.security.web.FilterChainProxy - Securing POST /auth/register
2025-11-15 21:25:21 [http-nio-8082-exec-5] DEBUG o.s.s.w.a.AnonymousAuthenticationFilter - Set SecurityContextHolder to anonymous SecurityContext
2025-11-15 21:25:21 [http-nio-8082-exec-5] DEBUG o.s.s.w.a.Http403ForbiddenEntryPoint - Pre-authenticated entry point called. Rejecting access
2025-11-15 21:25:21 [http-nio-8082-exec-5] DEBUG o.s.security.web.FilterChainProxy - Securing POST /error
2025-11-15 21:25:21 [http-nio-8082-exec-5] DEBUG o.s.s.w.a.AnonymousAuthenticationFilter - Set SecurityContextHolder to anonymous SecurityContext
2025-11-15 21:25:21 [http-nio-8082-exec-5] DEBUG o.s.s.w.a.Http403ForbiddenEntryPoint - Pre-authenticated entry point called. Rejecting access
2025-11-15 21:26:55 [AsyncResolver-bootstrap-executor-%d] INFO  c.n.d.s.r.aws.ConfigClusterResolver - Resolving eureka endpoints via configuration
2025-11-15 21:27:47 [http-nio-8082-exec-4] DEBUG o.s.security.web.FilterChainProxy - Securing POST /auth/register
2025-11-15 21:27:47 [http-nio-8082-exec-4] DEBUG o.s.s.w.a.AnonymousAuthenticationFilter - Set SecurityContextHolder to anonymous SecurityContext
2025-11-15 21:27:47 [http-nio-8082-exec-4] DEBUG o.s.s.w.a.Http403ForbiddenEntryPoint - Pre-authenticated entry point called. Rejecting access
2025-11-15 21:27:47 [http-nio-8082-exec-4] DEBUG o.s.security.web.FilterChainProxy - Securing POST /error
2025-11-15 21:27:47 [http-nio-8082-exec-4] DEBUG o.s.s.w.a.AnonymousAuthenticationFilter - Set SecurityContextHolder to anonymous SecurityContext
2025-11-15 21:27:47 [http-nio-8082-exec-4] DEBUG o.s.s.w.a.Http403ForbiddenEntryPoint - Pre-authenticated entry point called. Rejecting access
2025-11-15 21:28:32 [http-nio-8082-exec-1] DEBUG o.s.security.web.FilterChainProxy - Securing POST /auth/register
2025-11-15 21:28:32 [http-nio-8082-exec-1] DEBUG o.s.s.w.a.AnonymousAuthenticationFilter - Set SecurityContextHolder to anonymous SecurityContext
2025-11-15 21:28:32 [http-nio-8082-exec-1] DEBUG o.s.s.w.a.Http403ForbiddenEntryPoint - Pre-authenticated entry point called. Rejecting access
2025-11-15 21:28:32 [http-nio-8082-exec-1] DEBUG o.s.security.web.FilterChainProxy - Securing POST /error
2025-11-15 21:28:32 [http-nio-8082-exec-1] DEBUG o.s.s.w.a.AnonymousAuthenticationFilter - Set SecurityContextHolder to anonymous SecurityContext
2025-11-15 21:28:32 [http-nio-8082-exec-1] DEBUG o.s.s.w.a.Http403ForbiddenEntryPoint - Pre-authenticated entry point called. Rejecting access
2025-11-15 21:28:38 [http-nio-8082-exec-6] DEBUG o.s.security.web.FilterChainProxy - Securing POST /auth/register
2025-11-15 21:28:38 [http-nio-8082-exec-6] DEBUG o.s.s.w.a.AnonymousAuthenticationFilter - Set SecurityContextHolder to anonymous SecurityContext
2025-11-15 21:28:38 [http-nio-8082-exec-6] DEBUG o.s.s.w.a.Http403ForbiddenEntryPoint - Pre-authenticated entry point called. Rejecting access
2025-11-15 21:28:38 [http-nio-8082-exec-6] DEBUG o.s.security.web.FilterChainProxy - Securing POST /error
2025-11-15 21:28:38 [http-nio-8082-exec-6] DEBUG o.s.s.w.a.AnonymousAuthenticationFilter - Set SecurityContextHolder to anonymous SecurityContext
2025-11-15 21:28:38 [http-nio-8082-exec-6] DEBUG o.s.s.w.a.Http403ForbiddenEntryPoint - Pre-authenticated entry point called. Rejecting access
2025-11-15 21:28:42 [http-nio-8082-exec-2] DEBUG o.s.security.web.FilterChainProxy - Securing POST /auth/register
2025-11-15 21:28:42 [http-nio-8082-exec-2] DEBUG o.s.s.w.a.AnonymousAuthenticationFilter - Set SecurityContextHolder to anonymous SecurityContext
2025-11-15 21:28:42 [http-nio-8082-exec-2] DEBUG o.s.s.w.a.Http403ForbiddenEntryPoint - Pre-authenticated entry point called. Rejecting access
2025-11-15 21:28:42 [http-nio-8082-exec-2] DEBUG o.s.security.web.FilterChainProxy - Securing POST /error
2025-11-15 21:28:42 [http-nio-8082-exec-2] DEBUG o.s.s.w.a.AnonymousAuthenticationFilter - Set SecurityContextHolder to anonymous SecurityContext
2025-11-15 21:28:42 [http-nio-8082-exec-2] DEBUG o.s.s.w.a.Http403ForbiddenEntryPoint - Pre-authenticated entry point called. Rejecting access
2025-11-15 21:28:44 [http-nio-8082-exec-8] DEBUG o.s.security.web.FilterChainProxy - Securing POST /auth/register
2025-11-15 21:28:44 [http-nio-8082-exec-8] DEBUG o.s.s.w.a.AnonymousAuthenticationFilter - Set SecurityContextHolder to anonymous SecurityContext
2025-11-15 21:28:44 [http-nio-8082-exec-8] DEBUG o.s.s.w.a.Http403ForbiddenEntryPoint - Pre-authenticated entry point called. Rejecting access
2025-11-15 21:28:44 [http-nio-8082-exec-8] DEBUG o.s.security.web.FilterChainProxy - Securing POST /error
2025-11-15 21:28:44 [http-nio-8082-exec-8] DEBUG o.s.s.w.a.AnonymousAuthenticationFilter - Set SecurityContextHolder to anonymous SecurityContext
2025-11-15 21:28:44 [http-nio-8082-exec-8] DEBUG o.s.s.w.a.Http403ForbiddenEntryPoint - Pre-authenticated entry point called. Rejecting access
2025-11-15 21:28:45 [http-nio-8082-exec-9] DEBUG o.s.security.web.FilterChainProxy - Securing POST /auth/register
2025-11-15 21:28:45 [http-nio-8082-exec-9] DEBUG o.s.s.w.a.AnonymousAuthenticationFilter - Set SecurityContextHolder to anonymous SecurityContext
2025-11-15 21:28:45 [http-nio-8082-exec-9] DEBUG o.s.s.w.a.Http403ForbiddenEntryPoint - Pre-authenticated entry point called. Rejecting access
2025-11-15 21:28:45 [http-nio-8082-exec-9] DEBUG o.s.security.web.FilterChainProxy - Securing POST /error
2025-11-15 21:28:45 [http-nio-8082-exec-9] DEBUG o.s.s.w.a.AnonymousAuthenticationFilter - Set SecurityContextHolder to anonymous SecurityContext
2025-11-15 21:28:45 [http-nio-8082-exec-9] DEBUG o.s.s.w.a.Http403ForbiddenEntryPoint - Pre-authenticated entry point called. Rejecting access
2025-11-15 21:28:46 [http-nio-8082-exec-10] DEBUG o.s.security.web.FilterChainProxy - Securing POST /auth/register
2025-11-15 21:28:46 [http-nio-8082-exec-10] DEBUG o.s.s.w.a.AnonymousAuthenticationFilter - Set SecurityContextHolder to anonymous SecurityContext
2025-11-15 21:28:46 [http-nio-8082-exec-10] DEBUG o.s.s.w.a.Http403ForbiddenEntryPoint - Pre-authenticated entry point called. Rejecting access
2025-11-15 21:28:46 [http-nio-8082-exec-10] DEBUG o.s.security.web.FilterChainProxy - Securing POST /error
2025-11-15 21:28:47 [http-nio-8082-exec-10] DEBUG o.s.s.w.a.AnonymousAuthenticationFilter - Set SecurityContextHolder to anonymous SecurityContext
2025-11-15 21:28:47 [http-nio-8082-exec-10] DEBUG o.s.s.w.a.Http403ForbiddenEntryPoint - Pre-authenticated entry point called. Rejecting access
2025-11-15 21:28:48 [http-nio-8082-exec-3] DEBUG o.s.security.web.FilterChainProxy - Securing POST /auth/register
2025-11-15 21:28:48 [http-nio-8082-exec-3] DEBUG o.s.s.w.a.AnonymousAuthenticationFilter - Set SecurityContextHolder to anonymous SecurityContext
2025-11-15 21:28:48 [http-nio-8082-exec-3] DEBUG o.s.s.w.a.Http403ForbiddenEntryPoint - Pre-authenticated entry point called. Rejecting access
2025-11-15 21:28:48 [http-nio-8082-exec-3] DEBUG o.s.security.web.FilterChainProxy - Securing POST /error
2025-11-15 21:28:48 [http-nio-8082-exec-3] DEBUG o.s.s.w.a.AnonymousAuthenticationFilter - Set SecurityContextHolder to anonymous SecurityContext
2025-11-15 21:28:48 [http-nio-8082-exec-3] DEBUG o.s.s.w.a.Http403ForbiddenEntryPoint - Pre-authenticated entry point called. Rejecting access
2025-11-15 21:28:49 [http-nio-8082-exec-5] DEBUG o.s.security.web.FilterChainProxy - Securing POST /auth/register
2025-11-15 21:28:49 [http-nio-8082-exec-5] DEBUG o.s.s.w.a.AnonymousAuthenticationFilter - Set SecurityContextHolder to anonymous SecurityContext
2025-11-15 21:28:49 [http-nio-8082-exec-5] DEBUG o.s.s.w.a.Http403ForbiddenEntryPoint - Pre-authenticated entry point called. Rejecting access
2025-11-15 21:28:49 [http-nio-8082-exec-5] DEBUG o.s.security.web.FilterChainProxy - Securing POST /error
2025-11-15 21:28:49 [http-nio-8082-exec-5] DEBUG o.s.s.w.a.AnonymousAuthenticationFilter - Set SecurityContextHolder to anonymous SecurityContext
2025-11-15 21:28:49 [http-nio-8082-exec-5] DEBUG o.s.s.w.a.Http403ForbiddenEntryPoint - Pre-authenticated entry point called. Rejecting access
2025-11-15 21:28:50 [http-nio-8082-exec-7] DEBUG o.s.security.web.FilterChainProxy - Securing POST /auth/register
2025-11-15 21:28:50 [http-nio-8082-exec-7] DEBUG o.s.s.w.a.AnonymousAuthenticationFilter - Set SecurityContextHolder to anonymous SecurityContext
2025-11-15 21:28:50 [http-nio-8082-exec-7] DEBUG o.s.s.w.a.Http403ForbiddenEntryPoint - Pre-authenticated entry point called. Rejecting access
2025-11-15 21:28:50 [http-nio-8082-exec-7] DEBUG o.s.security.web.FilterChainProxy - Securing POST /error
2025-11-15 21:28:50 [http-nio-8082-exec-7] DEBUG o.s.s.w.a.AnonymousAuthenticationFilter - Set SecurityContextHolder to anonymous SecurityContext
2025-11-15 21:28:50 [http-nio-8082-exec-7] DEBUG o.s.s.w.a.Http403ForbiddenEntryPoint - Pre-authenticated entry point called. Rejecting access
2025-11-15 21:28:51 [http-nio-8082-exec-4] DEBUG o.s.security.web.FilterChainProxy - Securing POST /auth/register
2025-11-15 21:28:51 [http-nio-8082-exec-4] DEBUG o.s.s.w.a.AnonymousAuthenticationFilter - Set SecurityContextHolder to anonymous SecurityContext
2025-11-15 21:28:51 [http-nio-8082-exec-4] DEBUG o.s.s.w.a.Http403ForbiddenEntryPoint - Pre-authenticated entry point called. Rejecting access
2025-11-15 21:28:51 [http-nio-8082-exec-4] DEBUG o.s.security.web.FilterChainProxy - Securing POST /error
2025-11-15 21:28:51 [http-nio-8082-exec-4] DEBUG o.s.s.w.a.AnonymousAuthenticationFilter - Set SecurityContextHolder to anonymous SecurityContext
2025-11-15 21:28:51 [http-nio-8082-exec-4] DEBUG o.s.s.w.a.Http403ForbiddenEntryPoint - Pre-authenticated entry point called. Rejecting access
2025-11-15 21:28:52 [http-nio-8082-exec-1] DEBUG o.s.security.web.FilterChainProxy - Securing POST /auth/register
2025-11-15 21:28:52 [http-nio-8082-exec-1] DEBUG o.s.s.w.a.AnonymousAuthenticationFilter - Set SecurityContextHolder to anonymous SecurityContext
2025-11-15 21:28:52 [http-nio-8082-exec-1] DEBUG o.s.s.w.a.Http403ForbiddenEntryPoint - Pre-authenticated entry point called. Rejecting access
2025-11-15 21:28:52 [http-nio-8082-exec-1] DEBUG o.s.security.web.FilterChainProxy - Securing POST /error
2025-11-15 21:28:52 [http-nio-8082-exec-1] DEBUG o.s.s.w.a.AnonymousAuthenticationFilter - Set SecurityContextHolder to anonymous SecurityContext
2025-11-15 21:28:52 [http-nio-8082-exec-1] DEBUG o.s.s.w.a.Http403ForbiddenEntryPoint - Pre-authenticated entry point called. Rejecting access
2025-11-15 21:28:54 [http-nio-8082-exec-6] DEBUG o.s.security.web.FilterChainProxy - Securing POST /auth/register
2025-11-15 21:28:54 [http-nio-8082-exec-6] DEBUG o.s.s.w.a.AnonymousAuthenticationFilter - Set SecurityContextHolder to anonymous SecurityContext
2025-11-15 21:28:54 [http-nio-8082-exec-6] DEBUG o.s.s.w.a.Http403ForbiddenEntryPoint - Pre-authenticated entry point called. Rejecting access
2025-11-15 21:28:54 [http-nio-8082-exec-6] DEBUG o.s.security.web.FilterChainProxy - Securing POST /error
2025-11-15 21:28:54 [http-nio-8082-exec-6] DEBUG o.s.s.w.a.AnonymousAuthenticationFilter - Set SecurityContextHolder to anonymous SecurityContext
2025-11-15 21:28:54 [http-nio-8082-exec-6] DEBUG o.s.s.w.a.Http403ForbiddenEntryPoint - Pre-authenticated entry point called. Rejecting access
2025-11-15 21:28:55 [http-nio-8082-exec-2] DEBUG o.s.security.web.FilterChainProxy - Securing POST /auth/register
2025-11-15 21:28:55 [http-nio-8082-exec-2] DEBUG o.s.s.w.a.AnonymousAuthenticationFilter - Set SecurityContextHolder to anonymous SecurityContext
2025-11-15 21:28:55 [http-nio-8082-exec-2] DEBUG o.s.s.w.a.Http403ForbiddenEntryPoint - Pre-authenticated entry point called. Rejecting access
2025-11-15 21:28:55 [http-nio-8082-exec-2] DEBUG o.s.security.web.FilterChainProxy - Securing POST /error
2025-11-15 21:28:55 [http-nio-8082-exec-2] DEBUG o.s.s.w.a.AnonymousAuthenticationFilter - Set SecurityContextHolder to anonymous SecurityContext
2025-11-15 21:28:55 [http-nio-8082-exec-2] DEBUG o.s.s.w.a.Http403ForbiddenEntryPoint - Pre-authenticated entry point called. Rejecting access
2025-11-15 21:28:56 [http-nio-8082-exec-8] DEBUG o.s.security.web.FilterChainProxy - Securing POST /auth/register
2025-11-15 21:28:56 [http-nio-8082-exec-8] DEBUG o.s.s.w.a.AnonymousAuthenticationFilter - Set SecurityContextHolder to anonymous SecurityContext
2025-11-15 21:28:56 [http-nio-8082-exec-8] DEBUG o.s.s.w.a.Http403ForbiddenEntryPoint - Pre-authenticated entry point called. Rejecting access
2025-11-15 21:28:56 [http-nio-8082-exec-8] DEBUG o.s.security.web.FilterChainProxy - Securing POST /error
2025-11-15 21:28:56 [http-nio-8082-exec-8] DEBUG o.s.s.w.a.AnonymousAuthenticationFilter - Set SecurityContextHolder to anonymous SecurityContext
2025-11-15 21:28:56 [http-nio-8082-exec-8] DEBUG o.s.s.w.a.Http403ForbiddenEntryPoint - Pre-authenticated entry point called. Rejecting access
2025-11-15 21:28:57 [http-nio-8082-exec-9] DEBUG o.s.security.web.FilterChainProxy - Securing POST /auth/register
2025-11-15 21:28:57 [http-nio-8082-exec-9] DEBUG o.s.s.w.a.AnonymousAuthenticationFilter - Set SecurityContextHolder to anonymous SecurityContext
2025-11-15 21:28:57 [http-nio-8082-exec-9] DEBUG o.s.s.w.a.Http403ForbiddenEntryPoint - Pre-authenticated entry point called. Rejecting access
2025-11-15 21:28:57 [http-nio-8082-exec-9] DEBUG o.s.security.web.FilterChainProxy - Securing POST /error
2025-11-15 21:28:57 [http-nio-8082-exec-9] DEBUG o.s.s.w.a.AnonymousAuthenticationFilter - Set SecurityContextHolder to anonymous SecurityContext
2025-11-15 21:28:57 [http-nio-8082-exec-9] DEBUG o.s.s.w.a.Http403ForbiddenEntryPoint - Pre-authenticated entry point called. Rejecting access
2025-11-15 21:28:58 [http-nio-8082-exec-10] DEBUG o.s.security.web.FilterChainProxy - Securing POST /auth/register
2025-11-15 21:28:58 [http-nio-8082-exec-10] DEBUG o.s.s.w.a.AnonymousAuthenticationFilter - Set SecurityContextHolder to anonymous SecurityContext
2025-11-15 21:28:58 [http-nio-8082-exec-10] DEBUG o.s.s.w.a.Http403ForbiddenEntryPoint - Pre-authenticated entry point called. Rejecting access
2025-11-15 21:28:58 [http-nio-8082-exec-10] DEBUG o.s.security.web.FilterChainProxy - Securing POST /error
2025-11-15 21:28:58 [http-nio-8082-exec-10] DEBUG o.s.s.w.a.AnonymousAuthenticationFilter - Set SecurityContextHolder to anonymous SecurityContext
2025-11-15 21:28:58 [http-nio-8082-exec-10] DEBUG o.s.s.w.a.Http403ForbiddenEntryPoint - Pre-authenticated entry point called. Rejecting access
2025-11-15 21:28:59 [http-nio-8082-exec-3] DEBUG o.s.security.web.FilterChainProxy - Securing POST /auth/register
2025-11-15 21:28:59 [http-nio-8082-exec-3] DEBUG o.s.s.w.a.AnonymousAuthenticationFilter - Set SecurityContextHolder to anonymous SecurityContext
2025-11-15 21:28:59 [http-nio-8082-exec-3] DEBUG o.s.s.w.a.Http403ForbiddenEntryPoint - Pre-authenticated entry point called. Rejecting access
2025-11-15 21:28:59 [http-nio-8082-exec-3] DEBUG o.s.security.web.FilterChainProxy - Securing POST /error
2025-11-15 21:28:59 [http-nio-8082-exec-3] DEBUG o.s.s.w.a.AnonymousAuthenticationFilter - Set SecurityContextHolder to anonymous SecurityContext
2025-11-15 21:28:59 [http-nio-8082-exec-3] DEBUG o.s.s.w.a.Http403ForbiddenEntryPoint - Pre-authenticated entry point called. Rejecting access
2025-11-15 21:29:01 [http-nio-8082-exec-5] DEBUG o.s.security.web.FilterChainProxy - Securing POST /auth/register
2025-11-15 21:29:01 [http-nio-8082-exec-5] DEBUG o.s.s.w.a.AnonymousAuthenticationFilter - Set SecurityContextHolder to anonymous SecurityContext
2025-11-15 21:29:01 [http-nio-8082-exec-5] DEBUG o.s.s.w.a.Http403ForbiddenEntryPoint - Pre-authenticated entry point called. Rejecting access
2025-11-15 21:29:01 [http-nio-8082-exec-5] DEBUG o.s.security.web.FilterChainProxy - Securing POST /error
2025-11-15 21:29:01 [http-nio-8082-exec-5] DEBUG o.s.s.w.a.AnonymousAuthenticationFilter - Set SecurityContextHolder to anonymous SecurityContext
2025-11-15 21:29:01 [http-nio-8082-exec-5] DEBUG o.s.s.w.a.Http403ForbiddenEntryPoint - Pre-authenticated entry point called. Rejecting access
2025-11-15 21:29:01 [http-nio-8082-exec-7] DEBUG o.s.security.web.FilterChainProxy - Securing POST /auth/register
2025-11-15 21:29:01 [http-nio-8082-exec-7] DEBUG o.s.s.w.a.AnonymousAuthenticationFilter - Set SecurityContextHolder to anonymous SecurityContext
2025-11-15 21:29:01 [http-nio-8082-exec-7] DEBUG o.s.s.w.a.Http403ForbiddenEntryPoint - Pre-authenticated entry point called. Rejecting access
2025-11-15 21:29:01 [http-nio-8082-exec-7] DEBUG o.s.security.web.FilterChainProxy - Securing POST /error
2025-11-15 21:29:01 [http-nio-8082-exec-7] DEBUG o.s.s.w.a.AnonymousAuthenticationFilter - Set SecurityContextHolder to anonymous SecurityContext
2025-11-15 21:29:01 [http-nio-8082-exec-7] DEBUG o.s.s.w.a.Http403ForbiddenEntryPoint - Pre-authenticated entry point called. Rejecting access
2025-11-15 21:29:03 [http-nio-8082-exec-4] DEBUG o.s.security.web.FilterChainProxy - Securing POST /auth/register
2025-11-15 21:29:03 [http-nio-8082-exec-4] DEBUG o.s.s.w.a.AnonymousAuthenticationFilter - Set SecurityContextHolder to anonymous SecurityContext
2025-11-15 21:29:03 [http-nio-8082-exec-4] DEBUG o.s.s.w.a.Http403ForbiddenEntryPoint - Pre-authenticated entry point called. Rejecting access
2025-11-15 21:29:03 [http-nio-8082-exec-4] DEBUG o.s.security.web.FilterChainProxy - Securing POST /error
2025-11-15 21:29:03 [http-nio-8082-exec-4] DEBUG o.s.s.w.a.AnonymousAuthenticationFilter - Set SecurityContextHolder to anonymous SecurityContext
2025-11-15 21:29:03 [http-nio-8082-exec-4] DEBUG o.s.s.w.a.Http403ForbiddenEntryPoint - Pre-authenticated entry point called. Rejecting access
2025-11-15 21:29:04 [http-nio-8082-exec-1] DEBUG o.s.security.web.FilterChainProxy - Securing POST /auth/register
2025-11-15 21:29:04 [http-nio-8082-exec-1] DEBUG o.s.s.w.a.AnonymousAuthenticationFilter - Set SecurityContextHolder to anonymous SecurityContext
2025-11-15 21:29:04 [http-nio-8082-exec-1] DEBUG o.s.s.w.a.Http403ForbiddenEntryPoint - Pre-authenticated entry point called. Rejecting access
2025-11-15 21:29:04 [http-nio-8082-exec-1] DEBUG o.s.security.web.FilterChainProxy - Securing POST /error
2025-11-15 21:29:04 [http-nio-8082-exec-1] DEBUG o.s.s.w.a.AnonymousAuthenticationFilter - Set SecurityContextHolder to anonymous SecurityContext
2025-11-15 21:29:04 [http-nio-8082-exec-1] DEBUG o.s.s.w.a.Http403ForbiddenEntryPoint - Pre-authenticated entry point called. Rejecting access
2025-11-15 21:29:05 [http-nio-8082-exec-6] DEBUG o.s.security.web.FilterChainProxy - Securing POST /auth/register
2025-11-15 21:29:05 [http-nio-8082-exec-6] DEBUG o.s.s.w.a.AnonymousAuthenticationFilter - Set SecurityContextHolder to anonymous SecurityContext
2025-11-15 21:29:05 [http-nio-8082-exec-6] DEBUG o.s.s.w.a.Http403ForbiddenEntryPoint - Pre-authenticated entry point called. Rejecting access
2025-11-15 21:29:05 [http-nio-8082-exec-6] DEBUG o.s.security.web.FilterChainProxy - Securing POST /error
2025-11-15 21:29:05 [http-nio-8082-exec-6] DEBUG o.s.s.w.a.AnonymousAuthenticationFilter - Set SecurityContextHolder to anonymous SecurityContext
2025-11-15 21:29:05 [http-nio-8082-exec-6] DEBUG o.s.s.w.a.Http403ForbiddenEntryPoint - Pre-authenticated entry point called. Rejecting access
2025-11-15 21:29:06 [http-nio-8082-exec-2] DEBUG o.s.security.web.FilterChainProxy - Securing POST /auth/register
2025-11-15 21:29:06 [http-nio-8082-exec-2] DEBUG o.s.s.w.a.AnonymousAuthenticationFilter - Set SecurityContextHolder to anonymous SecurityContext
2025-11-15 21:29:06 [http-nio-8082-exec-2] DEBUG o.s.s.w.a.Http403ForbiddenEntryPoint - Pre-authenticated entry point called. Rejecting access
2025-11-15 21:29:06 [http-nio-8082-exec-2] DEBUG o.s.security.web.FilterChainProxy - Securing POST /error
2025-11-15 21:29:06 [http-nio-8082-exec-2] DEBUG o.s.s.w.a.AnonymousAuthenticationFilter - Set SecurityContextHolder to anonymous SecurityContext
2025-11-15 21:29:06 [http-nio-8082-exec-2] DEBUG o.s.s.w.a.Http403ForbiddenEntryPoint - Pre-authenticated entry point called. Rejecting access
2025-11-15 21:29:07 [http-nio-8082-exec-8] DEBUG o.s.security.web.FilterChainProxy - Securing POST /auth/register
2025-11-15 21:29:07 [http-nio-8082-exec-8] DEBUG o.s.s.w.a.AnonymousAuthenticationFilter - Set SecurityContextHolder to anonymous SecurityContext
2025-11-15 21:29:07 [http-nio-8082-exec-8] DEBUG o.s.s.w.a.Http403ForbiddenEntryPoint - Pre-authenticated entry point called. Rejecting access
2025-11-15 21:29:07 [http-nio-8082-exec-8] DEBUG o.s.security.web.FilterChainProxy - Securing POST /error
2025-11-15 21:29:07 [http-nio-8082-exec-8] DEBUG o.s.s.w.a.AnonymousAuthenticationFilter - Set SecurityContextHolder to anonymous SecurityContext
2025-11-15 21:29:07 [http-nio-8082-exec-8] DEBUG o.s.s.w.a.Http403ForbiddenEntryPoint - Pre-authenticated entry point called. Rejecting access
2025-11-15 21:29:08 [http-nio-8082-exec-9] DEBUG o.s.security.web.FilterChainProxy - Securing POST /auth/register
2025-11-15 21:29:08 [http-nio-8082-exec-9] DEBUG o.s.s.w.a.AnonymousAuthenticationFilter - Set SecurityContextHolder to anonymous SecurityContext
2025-11-15 21:29:08 [http-nio-8082-exec-9] DEBUG o.s.s.w.a.Http403ForbiddenEntryPoint - Pre-authenticated entry point called. Rejecting access
2025-11-15 21:29:08 [http-nio-8082-exec-9] DEBUG o.s.security.web.FilterChainProxy - Securing POST /error
2025-11-15 21:29:08 [http-nio-8082-exec-9] DEBUG o.s.s.w.a.AnonymousAuthenticationFilter - Set SecurityContextHolder to anonymous SecurityContext
2025-11-15 21:29:08 [http-nio-8082-exec-9] DEBUG o.s.s.w.a.Http403ForbiddenEntryPoint - Pre-authenticated entry point called. Rejecting access
2025-11-15 21:29:09 [http-nio-8082-exec-10] DEBUG o.s.security.web.FilterChainProxy - Securing POST /auth/register
2025-11-15 21:29:09 [http-nio-8082-exec-10] DEBUG o.s.s.w.a.AnonymousAuthenticationFilter - Set SecurityContextHolder to anonymous SecurityContext
2025-11-15 21:29:09 [http-nio-8082-exec-10] DEBUG o.s.s.w.a.Http403ForbiddenEntryPoint - Pre-authenticated entry point called. Rejecting access
2025-11-15 21:29:09 [http-nio-8082-exec-10] DEBUG o.s.security.web.FilterChainProxy - Securing POST /error
2025-11-15 21:29:09 [http-nio-8082-exec-10] DEBUG o.s.s.w.a.AnonymousAuthenticationFilter - Set SecurityContextHolder to anonymous SecurityContext
2025-11-15 21:29:09 [http-nio-8082-exec-10] DEBUG o.s.s.w.a.Http403ForbiddenEntryPoint - Pre-authenticated entry point called. Rejecting access
2025-11-15 21:29:10 [http-nio-8082-exec-3] DEBUG o.s.security.web.FilterChainProxy - Securing POST /auth/register
2025-11-15 21:29:10 [http-nio-8082-exec-3] DEBUG o.s.s.w.a.AnonymousAuthenticationFilter - Set SecurityContextHolder to anonymous SecurityContext
2025-11-15 21:29:10 [http-nio-8082-exec-3] DEBUG o.s.s.w.a.Http403ForbiddenEntryPoint - Pre-authenticated entry point called. Rejecting access
2025-11-15 21:29:10 [http-nio-8082-exec-3] DEBUG o.s.security.web.FilterChainProxy - Securing POST /error
2025-11-15 21:29:10 [http-nio-8082-exec-3] DEBUG o.s.s.w.a.AnonymousAuthenticationFilter - Set SecurityContextHolder to anonymous SecurityContext
2025-11-15 21:29:10 [http-nio-8082-exec-3] DEBUG o.s.s.w.a.Http403ForbiddenEntryPoint - Pre-authenticated entry point called. Rejecting access
2025-11-15 21:29:11 [http-nio-8082-exec-5] DEBUG o.s.security.web.FilterChainProxy - Securing POST /auth/register
2025-11-15 21:29:11 [http-nio-8082-exec-5] DEBUG o.s.s.w.a.AnonymousAuthenticationFilter - Set SecurityContextHolder to anonymous SecurityContext
2025-11-15 21:29:11 [http-nio-8082-exec-5] DEBUG o.s.s.w.a.Http403ForbiddenEntryPoint - Pre-authenticated entry point called. Rejecting access
2025-11-15 21:29:11 [http-nio-8082-exec-5] DEBUG o.s.security.web.FilterChainProxy - Securing POST /error
2025-11-15 21:29:11 [http-nio-8082-exec-5] DEBUG o.s.s.w.a.AnonymousAuthenticationFilter - Set SecurityContextHolder to anonymous SecurityContext
2025-11-15 21:29:11 [http-nio-8082-exec-5] DEBUG o.s.s.w.a.Http403ForbiddenEntryPoint - Pre-authenticated entry point called. Rejecting access
2025-11-15 21:29:12 [http-nio-8082-exec-7] DEBUG o.s.security.web.FilterChainProxy - Securing POST /auth/register
2025-11-15 21:29:12 [http-nio-8082-exec-7] DEBUG o.s.s.w.a.AnonymousAuthenticationFilter - Set SecurityContextHolder to anonymous SecurityContext
2025-11-15 21:29:12 [http-nio-8082-exec-7] DEBUG o.s.s.w.a.Http403ForbiddenEntryPoint - Pre-authenticated entry point called. Rejecting access
2025-11-15 21:29:12 [http-nio-8082-exec-7] DEBUG o.s.security.web.FilterChainProxy - Securing POST /error
2025-11-15 21:29:12 [http-nio-8082-exec-7] DEBUG o.s.s.w.a.AnonymousAuthenticationFilter - Set SecurityContextHolder to anonymous SecurityContext
2025-11-15 21:29:12 [http-nio-8082-exec-7] DEBUG o.s.s.w.a.Http403ForbiddenEntryPoint - Pre-authenticated entry point called. Rejecting access
2025-11-15 21:29:13 [http-nio-8082-exec-4] DEBUG o.s.security.web.FilterChainProxy - Securing POST /auth/register
2025-11-15 21:29:13 [http-nio-8082-exec-4] DEBUG o.s.s.w.a.AnonymousAuthenticationFilter - Set SecurityContextHolder to anonymous SecurityContext
2025-11-15 21:29:13 [http-nio-8082-exec-4] DEBUG o.s.s.w.a.Http403ForbiddenEntryPoint - Pre-authenticated entry point called. Rejecting access
2025-11-15 21:29:13 [http-nio-8082-exec-4] DEBUG o.s.security.web.FilterChainProxy - Securing POST /error
2025-11-15 21:29:13 [http-nio-8082-exec-4] DEBUG o.s.s.w.a.AnonymousAuthenticationFilter - Set SecurityContextHolder to anonymous SecurityContext
2025-11-15 21:29:13 [http-nio-8082-exec-4] DEBUG o.s.s.w.a.Http403ForbiddenEntryPoint - Pre-authenticated entry point called. Rejecting access
2025-11-15 21:29:14 [http-nio-8082-exec-1] DEBUG o.s.security.web.FilterChainProxy - Securing POST /auth/register
2025-11-15 21:29:14 [http-nio-8082-exec-1] DEBUG o.s.s.w.a.AnonymousAuthenticationFilter - Set SecurityContextHolder to anonymous SecurityContext
2025-11-15 21:29:14 [http-nio-8082-exec-1] DEBUG o.s.s.w.a.Http403ForbiddenEntryPoint - Pre-authenticated entry point called. Rejecting access
2025-11-15 21:29:14 [http-nio-8082-exec-1] DEBUG o.s.security.web.FilterChainProxy - Securing POST /error
2025-11-15 21:29:14 [http-nio-8082-exec-1] DEBUG o.s.s.w.a.AnonymousAuthenticationFilter - Set SecurityContextHolder to anonymous SecurityContext
2025-11-15 21:29:14 [http-nio-8082-exec-1] DEBUG o.s.s.w.a.Http403ForbiddenEntryPoint - Pre-authenticated entry point called. Rejecting access
2025-11-15 21:29:15 [http-nio-8082-exec-6] DEBUG o.s.security.web.FilterChainProxy - Securing POST /auth/register
2025-11-15 21:29:15 [http-nio-8082-exec-6] DEBUG o.s.s.w.a.AnonymousAuthenticationFilter - Set SecurityContextHolder to anonymous SecurityContext
2025-11-15 21:29:15 [http-nio-8082-exec-6] DEBUG o.s.s.w.a.Http403ForbiddenEntryPoint - Pre-authenticated entry point called. Rejecting access
2025-11-15 21:29:15 [http-nio-8082-exec-6] DEBUG o.s.security.web.FilterChainProxy - Securing POST /error
2025-11-15 21:29:15 [http-nio-8082-exec-6] DEBUG o.s.s.w.a.AnonymousAuthenticationFilter - Set SecurityContextHolder to anonymous SecurityContext
2025-11-15 21:29:15 [http-nio-8082-exec-6] DEBUG o.s.s.w.a.Http403ForbiddenEntryPoint - Pre-authenticated entry point called. Rejecting access
2025-11-15 21:29:16 [http-nio-8082-exec-2] DEBUG o.s.security.web.FilterChainProxy - Securing POST /auth/register
2025-11-15 21:29:16 [http-nio-8082-exec-2] DEBUG o.s.s.w.a.AnonymousAuthenticationFilter - Set SecurityContextHolder to anonymous SecurityContext
2025-11-15 21:29:16 [http-nio-8082-exec-2] DEBUG o.s.s.w.a.Http403ForbiddenEntryPoint - Pre-authenticated entry point called. Rejecting access
2025-11-15 21:29:16 [http-nio-8082-exec-2] DEBUG o.s.security.web.FilterChainProxy - Securing POST /error
2025-11-15 21:29:16 [http-nio-8082-exec-2] DEBUG o.s.s.w.a.AnonymousAuthenticationFilter - Set SecurityContextHolder to anonymous SecurityContext
2025-11-15 21:29:16 [http-nio-8082-exec-2] DEBUG o.s.s.w.a.Http403ForbiddenEntryPoint - Pre-authenticated entry point called. Rejecting access
2025-11-15 21:29:17 [http-nio-8082-exec-8] DEBUG o.s.security.web.FilterChainProxy - Securing POST /auth/register
2025-11-15 21:29:17 [http-nio-8082-exec-8] DEBUG o.s.s.w.a.AnonymousAuthenticationFilter - Set SecurityContextHolder to anonymous SecurityContext
2025-11-15 21:29:17 [http-nio-8082-exec-8] DEBUG o.s.s.w.a.Http403ForbiddenEntryPoint - Pre-authenticated entry point called. Rejecting access
2025-11-15 21:29:17 [http-nio-8082-exec-8] DEBUG o.s.security.web.FilterChainProxy - Securing POST /error
2025-11-15 21:29:17 [http-nio-8082-exec-8] DEBUG o.s.s.w.a.AnonymousAuthenticationFilter - Set SecurityContextHolder to anonymous SecurityContext
2025-11-15 21:29:17 [http-nio-8082-exec-8] DEBUG o.s.s.w.a.Http403ForbiddenEntryPoint - Pre-authenticated entry point called. Rejecting access
2025-11-15 21:29:18 [http-nio-8082-exec-9] DEBUG o.s.security.web.FilterChainProxy - Securing POST /auth/register
2025-11-15 21:29:18 [http-nio-8082-exec-9] DEBUG o.s.s.w.a.AnonymousAuthenticationFilter - Set SecurityContextHolder to anonymous SecurityContext
2025-11-15 21:29:18 [http-nio-8082-exec-9] DEBUG o.s.s.w.a.Http403ForbiddenEntryPoint - Pre-authenticated entry point called. Rejecting access
2025-11-15 21:29:18 [http-nio-8082-exec-9] DEBUG o.s.security.web.FilterChainProxy - Securing POST /error
2025-11-15 21:29:18 [http-nio-8082-exec-9] DEBUG o.s.s.w.a.AnonymousAuthenticationFilter - Set SecurityContextHolder to anonymous SecurityContext
2025-11-15 21:29:18 [http-nio-8082-exec-9] DEBUG o.s.s.w.a.Http403ForbiddenEntryPoint - Pre-authenticated entry point called. Rejecting access
2025-11-15 21:29:19 [http-nio-8082-exec-10] DEBUG o.s.security.web.FilterChainProxy - Securing POST /auth/register
2025-11-15 21:29:19 [http-nio-8082-exec-10] DEBUG o.s.s.w.a.AnonymousAuthenticationFilter - Set SecurityContextHolder to anonymous SecurityContext
2025-11-15 21:29:19 [http-nio-8082-exec-10] DEBUG o.s.s.w.a.Http403ForbiddenEntryPoint - Pre-authenticated entry point called. Rejecting access
2025-11-15 21:29:19 [http-nio-8082-exec-10] DEBUG o.s.security.web.FilterChainProxy - Securing POST /error
2025-11-15 21:29:19 [http-nio-8082-exec-10] DEBUG o.s.s.w.a.AnonymousAuthenticationFilter - Set SecurityContextHolder to anonymous SecurityContext
2025-11-15 21:29:19 [http-nio-8082-exec-10] DEBUG o.s.s.w.a.Http403ForbiddenEntryPoint - Pre-authenticated entry point called. Rejecting access
2025-11-15 21:29:20 [http-nio-8082-exec-3] DEBUG o.s.security.web.FilterChainProxy - Securing POST /auth/register
2025-11-15 21:29:20 [http-nio-8082-exec-3] DEBUG o.s.s.w.a.AnonymousAuthenticationFilter - Set SecurityContextHolder to anonymous SecurityContext
2025-11-15 21:29:20 [http-nio-8082-exec-3] DEBUG o.s.s.w.a.Http403ForbiddenEntryPoint - Pre-authenticated entry point called. Rejecting access
2025-11-15 21:29:20 [http-nio-8082-exec-3] DEBUG o.s.security.web.FilterChainProxy - Securing POST /error
2025-11-15 21:29:20 [http-nio-8082-exec-3] DEBUG o.s.s.w.a.AnonymousAuthenticationFilter - Set SecurityContextHolder to anonymous SecurityContext
2025-11-15 21:29:20 [http-nio-8082-exec-3] DEBUG o.s.s.w.a.Http403ForbiddenEntryPoint - Pre-authenticated entry point called. Rejecting access
2025-11-15 21:29:21 [http-nio-8082-exec-5] DEBUG o.s.security.web.FilterChainProxy - Securing POST /auth/register
2025-11-15 21:29:21 [http-nio-8082-exec-5] DEBUG o.s.s.w.a.AnonymousAuthenticationFilter - Set SecurityContextHolder to anonymous SecurityContext
2025-11-15 21:29:21 [http-nio-8082-exec-5] DEBUG o.s.s.w.a.Http403ForbiddenEntryPoint - Pre-authenticated entry point called. Rejecting access
2025-11-15 21:29:21 [http-nio-8082-exec-5] DEBUG o.s.security.web.FilterChainProxy - Securing POST /error
2025-11-15 21:29:21 [http-nio-8082-exec-5] DEBUG o.s.s.w.a.AnonymousAuthenticationFilter - Set SecurityContextHolder to anonymous SecurityContext
2025-11-15 21:29:21 [http-nio-8082-exec-5] DEBUG o.s.s.w.a.Http403ForbiddenEntryPoint - Pre-authenticated entry point called. Rejecting access
2025-11-15 21:29:22 [http-nio-8082-exec-7] DEBUG o.s.security.web.FilterChainProxy - Securing POST /auth/register
2025-11-15 21:29:22 [http-nio-8082-exec-7] DEBUG o.s.s.w.a.AnonymousAuthenticationFilter - Set SecurityContextHolder to anonymous SecurityContext
2025-11-15 21:29:22 [http-nio-8082-exec-7] DEBUG o.s.s.w.a.Http403ForbiddenEntryPoint - Pre-authenticated entry point called. Rejecting access
2025-11-15 21:29:22 [http-nio-8082-exec-7] DEBUG o.s.security.web.FilterChainProxy - Securing POST /error
2025-11-15 21:29:22 [http-nio-8082-exec-7] DEBUG o.s.s.w.a.AnonymousAuthenticationFilter - Set SecurityContextHolder to anonymous SecurityContext
2025-11-15 21:29:22 [http-nio-8082-exec-7] DEBUG o.s.s.w.a.Http403ForbiddenEntryPoint - Pre-authenticated entry point called. Rejecting access
2025-11-15 21:29:25 [http-nio-8082-exec-4] DEBUG o.s.security.web.FilterChainProxy - Securing POST /auth/register
2025-11-15 21:29:25 [http-nio-8082-exec-4] DEBUG o.s.s.w.a.AnonymousAuthenticationFilter - Set SecurityContextHolder to anonymous SecurityContext
2025-11-15 21:29:25 [http-nio-8082-exec-4] DEBUG o.s.s.w.a.Http403ForbiddenEntryPoint - Pre-authenticated entry point called. Rejecting access
2025-11-15 21:29:25 [http-nio-8082-exec-4] DEBUG o.s.security.web.FilterChainProxy - Securing POST /error
2025-11-15 21:29:25 [http-nio-8082-exec-4] DEBUG o.s.s.w.a.AnonymousAuthenticationFilter - Set SecurityContextHolder to anonymous SecurityContext
2025-11-15 21:29:25 [http-nio-8082-exec-4] DEBUG o.s.s.w.a.Http403ForbiddenEntryPoint - Pre-authenticated entry point called. Rejecting access
2025-11-15 21:31:55 [AsyncResolver-bootstrap-executor-%d] INFO  c.n.d.s.r.aws.ConfigClusterResolver - Resolving eureka endpoints via configuration
2025-11-15 21:36:55 [AsyncResolver-bootstrap-executor-%d] INFO  c.n.d.s.r.aws.ConfigClusterResolver - Resolving eureka endpoints via configuration
2025-11-15 21:39:26 [http-nio-8082-exec-1] DEBUG o.s.security.web.FilterChainProxy - Securing POST /auth/register
2025-11-15 21:39:26 [http-nio-8082-exec-1] DEBUG o.s.s.w.a.AnonymousAuthenticationFilter - Set SecurityContextHolder to anonymous SecurityContext
2025-11-15 21:39:26 [http-nio-8082-exec-1] DEBUG o.s.s.w.a.Http403ForbiddenEntryPoint - Pre-authenticated entry point called. Rejecting access
2025-11-15 21:39:26 [http-nio-8082-exec-1] DEBUG o.s.security.web.FilterChainProxy - Securing POST /error
2025-11-15 21:39:26 [http-nio-8082-exec-1] DEBUG o.s.s.w.a.AnonymousAuthenticationFilter - Set SecurityContextHolder to anonymous SecurityContext
2025-11-15 21:39:26 [http-nio-8082-exec-1] DEBUG o.s.s.w.a.Http403ForbiddenEntryPoint - Pre-authenticated entry point called. Rejecting access
2025-11-15 21:40:11 [http-nio-8082-exec-6] DEBUG o.s.security.web.FilterChainProxy - Securing POST /auth/register
2025-11-15 21:40:11 [http-nio-8082-exec-6] DEBUG o.s.s.w.a.AnonymousAuthenticationFilter - Set SecurityContextHolder to anonymous SecurityContext
2025-11-15 21:40:11 [http-nio-8082-exec-6] DEBUG o.s.s.w.a.Http403ForbiddenEntryPoint - Pre-authenticated entry point called. Rejecting access
2025-11-15 21:40:11 [http-nio-8082-exec-6] DEBUG o.s.security.web.FilterChainProxy - Securing POST /error
2025-11-15 21:40:11 [http-nio-8082-exec-6] DEBUG o.s.s.w.a.AnonymousAuthenticationFilter - Set SecurityContextHolder to anonymous SecurityContext
2025-11-15 21:40:11 [http-nio-8082-exec-6] DEBUG o.s.s.w.a.Http403ForbiddenEntryPoint - Pre-authenticated entry point called. Rejecting access
2025-11-15 21:41:55 [AsyncResolver-bootstrap-executor-%d] INFO  c.n.d.s.r.aws.ConfigClusterResolver - Resolving eureka endpoints via configuration
2025-11-15 21:43:20 [SpringApplicationShutdownHook] INFO  o.s.c.n.e.s.EurekaServiceRegistry - Unregistering application USER-SERVICE with eureka with status DOWN
2025-11-15 21:43:20 [SpringApplicationShutdownHook] INFO  c.netflix.discovery.DiscoveryClient - Saw local status change event StatusChangeEvent [timestamp=1763235800414, current=DOWN, previous=UP]
2025-11-15 21:43:20 [DiscoveryClient-InstanceInfoReplicator-%d] INFO  c.netflix.discovery.DiscoveryClient - DiscoveryClient_USER-SERVICE/10.12.73.137:user-service:8082: registering service...
2025-11-15 21:43:20 [DiscoveryClient-InstanceInfoReplicator-%d] INFO  c.netflix.discovery.DiscoveryClient - DiscoveryClient_USER-SERVICE/10.12.73.137:user-service:8082 - registration status: 204
2025-11-15 21:43:20 [SpringApplicationShutdownHook] INFO  o.s.b.w.e.tomcat.GracefulShutdown - Commencing graceful shutdown. Waiting for active requests to complete
2025-11-15 21:43:21 [tomcat-shutdown] INFO  o.s.b.w.e.tomcat.GracefulShutdown - Graceful shutdown complete
2025-11-15 21:43:21 [SpringApplicationShutdownHook] INFO  o.s.o.j.LocalContainerEntityManagerFactoryBean - Closing JPA EntityManagerFactory for persistence unit 'default'
2025-11-15 21:43:21 [SpringApplicationShutdownHook] INFO  com.zaxxer.hikari.HikariDataSource - HikariPool-1 - Shutdown initiated...
2025-11-15 21:43:21 [SpringApplicationShutdownHook] INFO  com.zaxxer.hikari.HikariDataSource - HikariPool-1 - Shutdown completed.
2025-11-15 21:43:21 [SpringApplicationShutdownHook] INFO  c.netflix.discovery.DiscoveryClient - Shutting down DiscoveryClient ...
2025-11-15 21:43:24 [SpringApplicationShutdownHook] INFO  c.netflix.discovery.DiscoveryClient - Unregistering ...
2025-11-15 21:43:24 [SpringApplicationShutdownHook] INFO  c.netflix.discovery.DiscoveryClient - DiscoveryClient_USER-SERVICE/10.12.73.137:user-service:8082 - deregister  status: 200
2025-11-15 21:43:24 [SpringApplicationShutdownHook] INFO  c.netflix.discovery.DiscoveryClient - Completed shut down of DiscoveryClient
